<?xml version="1.0" encoding="UTF-8"?>
<!-- Generated by org.testng.reporters.JUnitXMLReporter -->
<testsuite ignored="9" hostname="DESKTOP-9538315" failures="1" tests="4" name="Test" time="84.971" errors="0" timestamp="2023-11-08T19:16:39 IST">
  <testcase classname="MercurytoursTestscenerios.Mercury__TC1_register" name="register" time="6.161"/>
  <testcase classname="MercurytoursTestscenerios.Mercury_TC2_Login" name="Loginpage" time="10.151"/>
  <testcase classname="MercurytoursTestscenerios.Mercury_TC3_flightbooking" name="flightbooking" time="22.294"/>
  <testcase classname="MercurytoursTestscenerios.Orange_hrm_TC4_addemployee" name="Addemployee" time="29.492">
    <failure type="java.lang.AssertionError" message="expected [true] but found [false]">
      <![CDATA[java.lang.AssertionError: expected [true] but found [false]
at MercurytoursTestscenerios.Orange_hrm_TC4_addemployee.Addemployee(Orange_hrm_TC4_addemployee.java:84)
at java.base/java.util.ArrayList.forEach(ArrayList.java:1511)
... Removed 31 stack frames]]>
    </failure>
  </testcase> <!-- Addemployee -->
  <testcase classname="MercurytoursTestscenerios.baseclass" name="@AfterTest email" time="0.0">
    <ignored/>
  </testcase> <!-- @AfterTest email -->
  <testcase classname="MercurytoursTestscenerios.baseclass" name="@BeforeSuite BeforeSuite" time="0.0">
    <ignored/>
  </testcase> <!-- @BeforeSuite BeforeSuite -->
  <testcase classname="MercurytoursTestscenerios.baseclass" name="@AfterSuite AfterSuite" time="0.0">
    <ignored/>
  </testcase> <!-- @AfterSuite AfterSuite -->
  <testcase classname="MercurytoursTestscenerios.baseclass" name="@AfterSuite AfterSuite" time="0.0">
    <ignored/>
  </testcase> <!-- @AfterSuite AfterSuite -->
  <testcase classname="MercurytoursTestscenerios.baseclass" name="@BeforeSuite BeforeSuite" time="0.0">
    <ignored/>
  </testcase> <!-- @BeforeSuite BeforeSuite -->
  <testcase classname="MercurytoursTestscenerios.baseclass" name="@AfterTest email" time="0.0">
    <ignored/>
  </testcase> <!-- @AfterTest email -->
  <testcase classname="MercurytoursTestscenerios.baseclass" name="@BeforeSuite BeforeSuite" time="0.0">
    <ignored/>
  </testcase> <!-- @BeforeSuite BeforeSuite -->
  <testcase classname="MercurytoursTestscenerios.baseclass" name="@AfterTest email" time="0.0">
    <ignored/>
  </testcase> <!-- @AfterTest email -->
  <testcase classname="MercurytoursTestscenerios.baseclass" name="@AfterSuite AfterSuite" time="0.0">
    <ignored/>
  </testcase> <!-- @AfterSuite AfterSuite -->
</testsuite> <!-- Test -->
